<?xml version="1.0" encoding="UTF-8" standalone="yes"?><!DOCTYPE report PUBLIC "-//JACOCO//DTD Report 1.1//EN" "report.dtd"><report name="api"><sessioninfo id="DESKTOP-UTAB7Q1-8ee74a9d" start="1618787153624" dump="1618787156265"/><sessioninfo id="DESKTOP-UTAB7Q1-fd57db58" start="1618788485197" dump="1618788486830"/><sessioninfo id="DESKTOP-UTAB7Q1-19e2c33b" start="1618790519263" dump="1618790521084"/><sessioninfo id="DESKTOP-UTAB7Q1-5ff1939a" start="1618790695650" dump="1618790697239"/><sessioninfo id="DESKTOP-UTAB7Q1-d73cc451" start="1618806059755" dump="1618806061137"/><sessioninfo id="DESKTOP-UTAB7Q1-29aa6775" start="1618806402864" dump="1618806404214"/></report>